<?xml version="1.0" encoding="UTF-8"?>
<!-- Generated by org.testng.reporters.JUnitReportReporter -->
<testsuite name="mavenFirstproject1.Logintest" tests="1" time="27.092" ignored="0" failures="0" timestamp="01 May 2021 06:13:40 GMT" skipped="0" hostname="DESKTOP-S0T7VIK" errors="0">
  <testcase name="login" time="27.092" classname="mavenFirstproject1.Logintest"/>
</testsuite> <!-- mavenFirstproject1.Logintest -->
