<?xml version="1.0" encoding="UTF-8"?>
<!-- Generated by org.testng.reporters.JUnitReportReporter -->
<testsuite hostname="DESKTOP-S0T7VIK" name="mavenFirstproject1.Logintest3" tests="1" failures="0" timestamp="3 May 2021 06:14:50 GMT" time="24.396" errors="0">
  <testcase name="login" time="24.396" classname="mavenFirstproject1.Logintest3"/>
</testsuite> <!-- mavenFirstproject1.Logintest3 -->
