<?xml version="1.0" encoding="UTF-8"?>
<!-- Generated by org.testng.reporters.JUnitReportReporter -->
<testsuite hostname="DESKTOP-S0T7VIK" name="mavenFirstproject1.Logintest2" tests="1" failures="0" timestamp="3 May 2021 06:14:50 GMT" time="10.490" errors="0">
  <testcase name="login1" time="10.490" classname="mavenFirstproject1.Logintest2"/>
</testsuite> <!-- mavenFirstproject1.Logintest2 -->
